<?xml version="1.0" encoding="UTF-8"?>
<testng-results skipped="0" failed="0" total="1" passed="1">
  <reporter-output>
  </reporter-output>
  <suite name="Surefire suite" duration-ms="133" started-at="2019-09-04T12:05:49Z" finished-at="2019-09-04T12:05:49Z">
    <groups>
    </groups>
    <test name="Surefire test" duration-ms="133" started-at="2019-09-04T12:05:49Z" finished-at="2019-09-04T12:05:49Z">
      <class name="com.mycompany.calculator.jsf.maven.personTest">
        <test-method status="PASS" signature="test()[pri:0, instance:test(com.mycompany.calculator.jsf.maven.personTest)]" name="test" duration-ms="7" started-at="2019-09-04T14:05:49Z" finished-at="2019-09-04T14:05:49Z">
          <reporter-output>
          </reporter-output>
        </test-method> <!-- test -->
      </class> <!-- com.mycompany.calculator.jsf.maven.personTest -->
    </test> <!-- Surefire test -->
  </suite> <!-- Surefire suite -->
</testng-results>
